<?xml version="1.0" encoding="UTF-8"?>
<testng-results ignored="0" total="1" passed="1" failed="0" skipped="0">
  <reporter-output>
  </reporter-output>
  <suite started-at="2021-04-11T19:47:04 IST" name="Lambdatest Suite" finished-at="2021-04-11T19:47:42 IST" duration-ms="38286">
    <groups>
    </groups>
    <test started-at="2021-04-11T19:47:04 IST" name="Firefox" finished-at="2021-04-11T19:47:42 IST" duration-ms="38286">
      <class name="Selenium.lambda.Assessment">
        <test-method is-config="true" signature="setUp(java.lang.String, java.lang.String)[pri:0, instance:Selenium.lambda.Assessment@564fabc8]" started-at="2021-04-11T19:47:04 IST" name="setUp" finished-at="2021-04-11T19:47:15 IST" duration-ms="10989" status="PASS">
          <params>
            <param index="0">
              <value>
                <![CDATA[MicrosoftEdge]]>
              </value>
            </param>
            <param index="1">
              <value>
                <![CDATA[Windows 10]]>
              </value>
            </param>
          </params>
          <reporter-output>
          </reporter-output>
        </test-method> <!-- setUp -->
        <test-method signature="testScript()[pri:0, instance:Selenium.lambda.Assessment@564fabc8]" started-at="2021-04-11T19:47:15 IST" name="testScript" finished-at="2021-04-11T19:47:42 IST" duration-ms="27280" status="PASS">
          <reporter-output>
          </reporter-output>
        </test-method> <!-- testScript -->
      </class> <!-- Selenium.lambda.Assessment -->
    </test> <!-- Firefox -->
  </suite> <!-- Lambdatest Suite -->
</testng-results>
